{"C:\\Users\\Maslin\\GitHub\\FlockWatch\\FlockWatch-React\\src\\Components\\InfoTiles\\InfoTiles.tsx": {"path":"C:\\Users\\Maslin\\GitHub\\FlockWatch\\FlockWatch-React\\src\\Components\\InfoTiles\\InfoTiles.tsx","statementMap":{"0":{"start":{"line":8,"column":0},"end":{"line":8,"column":24}},"1":{"start":{"line":15,"column":20},"end":{"line":15,"column":33}},"2":{"start":{"line":16,"column":20},"end":{"line":16,"column":33}},"3":{"start":{"line":18,"column":4},"end":{"line":34,"column":6}}},"fnMap":{"0":{"name":"InfoTiles","decl":{"start":{"line":8,"column":24},"end":{"line":8,"column":33}},"loc":{"start":{"line":14,"column":16},"end":{"line":35,"column":1}}}},"branchMap":{},"s":{"0":1,"1":3,"2":3,"3":3},"f":{"0":3},"b":{}}
}
